============================================================
AudioDepthFOA V2 — mode=train
Dataset: /home/rvi-lab/workspace/sound-spaces/dataset_simplified
Batch size: 32, LR: 0.0025, Optimizer: AdamW
============================================================
1 cuda device(s)
SH order: 5 (36 coefficients, 4 guided + 32 learned)
Scene split — train: 72, val: 9, test: 9
[train] 23560 samples from 72 scenes (filtered 5240 with >10% no-depth) [ambisonic=ON]
  Precomputed SH basis matrix: (131072, 4) (order=1)
Scene split — train: 72, val: 9, test: 9
[val] 2951 samples from 9 scenes (filtered 592 with >10% no-depth) [ambisonic=ON]
  Precomputed SH basis matrix: (131072, 4) (order=1)
Train: 23560 samples, Val: 2951 samples
Model: audio_depth_foa_v2 (54.8M params)
Experiment: audiodepth_foa_berhu_silog
Checkpoints: /home/rvi-lab/workspace/autoresearch_audio/checkpoints/audiodepth_foa_berhu_silog
  Epoch 1 [147/737 20%] Loss: 0.5862 D:0.5558 F:0.1352
  Epoch 1 [294/737 40%] Loss: 0.5114 D:0.4862 F:0.1103
  Epoch 1 [441/737 60%] Loss: 0.4784 D:0.4555 F:0.1003
  Epoch 1 [588/737 80%] Loss: 0.4556 D:0.4343 F:0.0938
  Epoch 1 [735/737 100%] Loss: 0.4408 D:0.4208 F:0.0885
  Epoch 1 [737/737 100%] Loss: 0.4407 D:0.4206 F:0.0884
Epoch [1/40] Loss: 0.4407 Time: 285.9s LR: 0.002457
  Epoch 2 [147/737 20%] Loss: 0.3613 D:0.3481 F:0.0608
  Epoch 2 [294/737 40%] Loss: 0.3625 D:0.3495 F:0.0599
  Epoch 2 [441/737 60%] Loss: 0.3591 D:0.3465 F:0.0586
  Epoch 2 [588/737 80%] Loss: 0.3548 D:0.3425 F:0.0571
  Epoch 2 [735/737 100%] Loss: 0.3497 D:0.3377 F:0.0559
  Epoch 2 [737/737 100%] Loss: 0.3496 D:0.3377 F:0.0559
Epoch [2/40] Loss: 0.3496 Time: 287.8s LR: 0.002333
  Val Loss: 0.3882 | ABS_REL: 0.4239 RMSE: 1.3132 d1: 0.5016 d2: 0.7046 d3: 0.8224
  Saved 20 visualizations
  >> Best model saved (ABS_REL: 0.4239)
  Epoch 3 [147/737 20%] Loss: 0.3224 D:0.3123 F:0.0479
  Epoch 3 [294/737 40%] Loss: 0.3252 D:0.3153 F:0.0471
  Epoch 3 [441/737 60%] Loss: 0.3220 D:0.3122 F:0.0467
  Epoch 3 [588/737 80%] Loss: 0.3195 D:0.3097 F:0.0467
  Epoch 3 [735/737 100%] Loss: 0.3175 D:0.3078 F:0.0463
  Epoch 3 [737/737 100%] Loss: 0.3174 D:0.3077 F:0.0463
Epoch [3/40] Loss: 0.3174 Time: 277.2s LR: 0.002134
  Epoch 4 [147/737 20%] Loss: 0.3082 D:0.3000 F:0.0392
  Epoch 4 [294/737 40%] Loss: 0.3063 D:0.2981 F:0.0394
  Epoch 4 [441/737 60%] Loss: 0.3044 D:0.2963 F:0.0387
  Epoch 4 [588/737 80%] Loss: 0.3035 D:0.2956 F:0.0379
  Epoch 4 [735/737 100%] Loss: 0.3044 D:0.2966 F:0.0377
  Epoch 4 [737/737 100%] Loss: 0.3042 D:0.2964 F:0.0377
Epoch [4/40] Loss: 0.3042 Time: 267.3s LR: 0.001875
  Val Loss: 0.3648 | ABS_REL: 0.4519 RMSE: 1.2480 d1: 0.4946 d2: 0.7036 d3: 0.8314
  Saved 20 visualizations
  Epoch 5 [147/737 20%] Loss: 0.3009 D:0.2940 F:0.0333
  Epoch 5 [294/737 40%] Loss: 0.3000 D:0.2931 F:0.0332
  Epoch 5 [441/737 60%] Loss: 0.2985 D:0.2917 F:0.0329
  Epoch 5 [588/737 80%] Loss: 0.2967 D:0.2899 F:0.0329
  Epoch 5 [735/737 100%] Loss: 0.2958 D:0.2891 F:0.0324
  Epoch 5 [737/737 100%] Loss: 0.2958 D:0.2891 F:0.0324
Epoch [5/40] Loss: 0.2958 Time: 306.2s LR: 0.001574
  Epoch 6 [147/737 20%] Loss: 0.2896 D:0.2828 F:0.0327
  Epoch 6 [294/737 40%] Loss: 0.2876 D:0.2810 F:0.0317
  Epoch 6 [441/737 60%] Loss: 0.2887 D:0.2822 F:0.0316
  Epoch 6 [588/737 80%] Loss: 0.2877 D:0.2814 F:0.0308
  Epoch 6 [735/737 100%] Loss: 0.2889 D:0.2826 F:0.0305
  Epoch 6 [737/737 100%] Loss: 0.2887 D:0.2824 F:0.0305
Epoch [6/40] Loss: 0.2887 Time: 284.6s LR: 0.001251
  Val Loss: 0.3590 | ABS_REL: 0.3675 RMSE: 1.2749 d1: 0.5058 d2: 0.7193 d3: 0.8406
  Saved 20 visualizations
  >> Best model saved (ABS_REL: 0.3675)
  Epoch 7 [147/737 20%] Loss: 0.2824 D:0.2762 F:0.0304
  Epoch 7 [294/737 40%] Loss: 0.2808 D:0.2749 F:0.0291
  Epoch 7 [441/737 60%] Loss: 0.2804 D:0.2746 F:0.0280
  Epoch 7 [588/737 80%] Loss: 0.2803 D:0.2746 F:0.0277
  Epoch 7 [735/737 100%] Loss: 0.2812 D:0.2755 F:0.0277
  Epoch 7 [737/737 100%] Loss: 0.2811 D:0.2754 F:0.0277
Epoch [7/40] Loss: 0.2811 Time: 267.5s LR: 0.000927
  Epoch 8 [147/737 20%] Loss: 0.2739 D:0.2685 F:0.0265
  Epoch 8 [294/737 40%] Loss: 0.2730 D:0.2676 F:0.0263
  Epoch 8 [441/737 60%] Loss: 0.2728 D:0.2675 F:0.0259
  Epoch 8 [588/737 80%] Loss: 0.2732 D:0.2679 F:0.0259
  Epoch 8 [735/737 100%] Loss: 0.2737 D:0.2683 F:0.0262
  Epoch 8 [737/737 100%] Loss: 0.2738 D:0.2685 F:0.0262
Epoch [8/40] Loss: 0.2738 Time: 279.3s LR: 0.000626
  Val Loss: 0.3398 | ABS_REL: 0.3683 RMSE: 1.2211 d1: 0.5197 d2: 0.7322 d3: 0.8513
  Saved 20 visualizations
  Epoch 9 [147/737 20%] Loss: 0.2687 D:0.2640 F:0.0230
  Epoch 9 [294/737 40%] Loss: 0.2677 D:0.2629 F:0.0239
  Epoch 9 [441/737 60%] Loss: 0.2662 D:0.2614 F:0.0236
  Epoch 9 [588/737 80%] Loss: 0.2656 D:0.2608 F:0.0235
  Epoch 9 [735/737 100%] Loss: 0.2665 D:0.2617 F:0.0236
  Epoch 9 [737/737 100%] Loss: 0.2666 D:0.2618 F:0.0236
Epoch [9/40] Loss: 0.2666 Time: 291.5s LR: 0.000367
  Epoch 10 [147/737 20%] Loss: 0.2598 D:0.2553 F:0.0223
  Epoch 10 [294/737 40%] Loss: 0.2595 D:0.2550 F:0.0220
  Epoch 10 [441/737 60%] Loss: 0.2600 D:0.2555 F:0.0219
  Epoch 10 [588/737 80%] Loss: 0.2597 D:0.2552 F:0.0220
  Epoch 10 [735/737 100%] Loss: 0.2593 D:0.2548 F:0.0219
  Epoch 10 [737/737 100%] Loss: 0.2593 D:0.2548 F:0.0219
Epoch [10/40] Loss: 0.2593 Time: 269.0s LR: 0.000168
  Val Loss: 0.3372 | ABS_REL: 0.3536 RMSE: 1.2357 d1: 0.5198 d2: 0.7328 d3: 0.8523
  Saved 20 visualizations
  >> Best model saved (ABS_REL: 0.3536)
  Epoch 11 [147/737 20%] Loss: 0.2523 D:0.2480 F:0.0211
  Epoch 11 [294/737 40%] Loss: 0.2533 D:0.2491 F:0.0209
  Epoch 11 [441/737 60%] Loss: 0.2531 D:0.2489 F:0.0207
  Epoch 11 [588/737 80%] Loss: 0.2538 D:0.2495 F:0.0208
  Epoch 11 [735/737 100%] Loss: 0.2535 D:0.2493 F:0.0206
  Epoch 11 [737/737 100%] Loss: 0.2534 D:0.2492 F:0.0206
Epoch [11/40] Loss: 0.2534 Time: 278.0s LR: 0.000044
  Epoch 12 [147/737 20%] Loss: 0.2536 D:0.2496 F:0.0196
  Epoch 12 [294/737 40%] Loss: 0.2516 D:0.2476 F:0.0194
  Epoch 12 [441/737 60%] Loss: 0.2500 D:0.2460 F:0.0194
  Epoch 12 [588/737 80%] Loss: 0.2503 D:0.2464 F:0.0193
  Epoch 12 [735/737 100%] Loss: 0.2500 D:0.2461 F:0.0193
  Epoch 12 [737/737 100%] Loss: 0.2503 D:0.2463 F:0.0194
Epoch [12/40] Loss: 0.2503 Time: 289.8s LR: 0.000001
  Val Loss: 0.3257 | ABS_REL: 0.3645 RMSE: 1.1972 d1: 0.5345 d2: 0.7412 d3: 0.8571
  Saved 20 visualizations

Time budget reached (3750.3s >= 3600s). Stopping.

Training complete. Best ABS_REL: 0.3536
training_seconds: 3750.3
